#! /Users/vane_salazar/Desktop/DL/oss-cad-suite/bin/vvp
:ivl_version "13.0 (devel)" "(s20251012-95-ga44b3fbe4)";
:ivl_delay_selection "TYPICAL";
:vpi_time_precision + 0;
:vpi_module "/Users/vane_salazar/Desktop/DL/oss-cad-suite/lib/ivl/system.vpi";
:vpi_module "/Users/vane_salazar/Desktop/DL/oss-cad-suite/lib/ivl/vhdl_sys.vpi";
:vpi_module "/Users/vane_salazar/Desktop/DL/oss-cad-suite/lib/ivl/vhdl_textio.vpi";
:vpi_module "/Users/vane_salazar/Desktop/DL/oss-cad-suite/lib/ivl/v2005_math.vpi";
:vpi_module "/Users/vane_salazar/Desktop/DL/oss-cad-suite/lib/ivl/va_math.vpi";
S_0x133604170 .scope module, "BCD_4displays_tb" "BCD_4displays_tb" 2 1;
 .timescale 0 0;
P_0x1336042e0 .param/l "N_in" 0 2 1, +C4<00000000000000000000000000001010>;
P_0x133604320 .param/l "N_out" 0 2 1, +C4<00000000000000000000000000000111>;
v0x1336066a0_0 .net "D_c", 6 0, v0x1336044b0_0;  1 drivers
v0x133606790_0 .net "D_d", 6 0, v0x133604860_0;  1 drivers
v0x133606870_0 .net "D_m", 6 0, v0x133604c50_0;  1 drivers
v0x133606940_0 .net "D_u", 6 0, v0x133605050_0;  1 drivers
v0x133606a10_0 .var "bcd_in", 9 0;
S_0x133704080 .scope module, "DUT" "BCD_4displays" 2 5, 3 1 0, S_0x133604170;
 .timescale 0 0;
    .port_info 0 /INPUT 10 "bcd_in";
    .port_info 1 /OUTPUT 7 "D_un";
    .port_info 2 /OUTPUT 7 "D_de";
    .port_info 3 /OUTPUT 7 "D_ce";
    .port_info 4 /OUTPUT 7 "D_mi";
P_0x133704250 .param/l "N_in" 0 3 1, +C4<00000000000000000000000000001010>;
P_0x133704290 .param/l "N_out" 0 3 1, +C4<00000000000000000000000000000111>;
v0x133605130_0 .net "D_ce", 6 0, v0x1336044b0_0;  alias, 1 drivers
v0x1336051f0_0 .net "D_de", 6 0, v0x133604860_0;  alias, 1 drivers
v0x1336052a0_0 .net "D_mi", 6 0, v0x133604c50_0;  alias, 1 drivers
v0x133605370_0 .net "D_un", 6 0, v0x133605050_0;  alias, 1 drivers
v0x133605420_0 .net *"_ivl_0", 31 0, L_0x133606ae0;  1 drivers
v0x1336054f0_0 .net *"_ivl_10", 31 0, L_0x133606e90;  1 drivers
L_0x1180080a0 .functor BUFT 1, C4<0000000000000000000000>, C4<0>, C4<0>, C4<0>;
v0x1336055a0_0 .net *"_ivl_13", 21 0, L_0x1180080a0;  1 drivers
L_0x1180080e8 .functor BUFT 1, C4<00000000000000000000000000001010>, C4<0>, C4<0>, C4<0>;
v0x133605650_0 .net/2u *"_ivl_14", 31 0, L_0x1180080e8;  1 drivers
v0x133605700_0 .net *"_ivl_16", 31 0, L_0x133606f90;  1 drivers
L_0x118008130 .functor BUFT 1, C4<00000000000000000000000000001010>, C4<0>, C4<0>, C4<0>;
v0x133605810_0 .net/2u *"_ivl_18", 31 0, L_0x118008130;  1 drivers
v0x1336058c0_0 .net *"_ivl_20", 31 0, L_0x133607140;  1 drivers
v0x133605970_0 .net *"_ivl_24", 31 0, L_0x1336073c0;  1 drivers
L_0x118008178 .functor BUFT 1, C4<0000000000000000000000>, C4<0>, C4<0>, C4<0>;
v0x133605a20_0 .net *"_ivl_27", 21 0, L_0x118008178;  1 drivers
L_0x1180081c0 .functor BUFT 1, C4<00000000000000000000000001100100>, C4<0>, C4<0>, C4<0>;
v0x133605ad0_0 .net/2u *"_ivl_28", 31 0, L_0x1180081c0;  1 drivers
L_0x118008010 .functor BUFT 1, C4<0000000000000000000000>, C4<0>, C4<0>, C4<0>;
v0x133605b80_0 .net *"_ivl_3", 21 0, L_0x118008010;  1 drivers
v0x133605c30_0 .net *"_ivl_30", 31 0, L_0x1336074e0;  1 drivers
L_0x118008208 .functor BUFT 1, C4<00000000000000000000000000001010>, C4<0>, C4<0>, C4<0>;
v0x133605ce0_0 .net/2u *"_ivl_32", 31 0, L_0x118008208;  1 drivers
v0x133605e70_0 .net *"_ivl_34", 31 0, L_0x133607650;  1 drivers
v0x133605f00_0 .net *"_ivl_38", 31 0, L_0x1336078b0;  1 drivers
L_0x118008058 .functor BUFT 1, C4<00000000000000000000000000001010>, C4<0>, C4<0>, C4<0>;
v0x133605fb0_0 .net/2u *"_ivl_4", 31 0, L_0x118008058;  1 drivers
L_0x118008250 .functor BUFT 1, C4<0000000000000000000000>, C4<0>, C4<0>, C4<0>;
v0x133606060_0 .net *"_ivl_41", 21 0, L_0x118008250;  1 drivers
L_0x118008298 .functor BUFT 1, C4<00000000000000000000001111101000>, C4<0>, C4<0>, C4<0>;
v0x133606110_0 .net/2u *"_ivl_42", 31 0, L_0x118008298;  1 drivers
v0x1336061c0_0 .net *"_ivl_44", 31 0, L_0x1336079d0;  1 drivers
v0x133606270_0 .net *"_ivl_6", 31 0, L_0x133606c50;  1 drivers
v0x133606320_0 .net "bcd_in", 9 0, v0x133606a10_0;  1 drivers
v0x1336063d0_0 .net "centenas", 3 0, L_0x133607730;  1 drivers
v0x133606490_0 .net "decenas", 3 0, L_0x133607260;  1 drivers
v0x133606550_0 .net "millares", 3 0, L_0x133607b20;  1 drivers
v0x1336065e0_0 .net "unidades", 3 0, L_0x133606d70;  1 drivers
L_0x133606ae0 .concat [ 10 22 0 0], v0x133606a10_0, L_0x118008010;
L_0x133606c50 .arith/mod 32, L_0x133606ae0, L_0x118008058;
L_0x133606d70 .part L_0x133606c50, 0, 4;
L_0x133606e90 .concat [ 10 22 0 0], v0x133606a10_0, L_0x1180080a0;
L_0x133606f90 .arith/div 32, L_0x133606e90, L_0x1180080e8;
L_0x133607140 .arith/mod 32, L_0x133606f90, L_0x118008130;
L_0x133607260 .part L_0x133607140, 0, 4;
L_0x1336073c0 .concat [ 10 22 0 0], v0x133606a10_0, L_0x118008178;
L_0x1336074e0 .arith/div 32, L_0x1336073c0, L_0x1180081c0;
L_0x133607650 .arith/mod 32, L_0x1336074e0, L_0x118008208;
L_0x133607730 .part L_0x133607650, 0, 4;
L_0x1336078b0 .concat [ 10 22 0 0], v0x133606a10_0, L_0x118008250;
L_0x1336079d0 .arith/div 32, L_0x1336078b0, L_0x118008298;
L_0x133607b20 .part L_0x1336079d0, 0, 4;
S_0x1337044e0 .scope module, "c" "BCD" 3 23, 4 1 0, S_0x133704080;
 .timescale 0 0;
    .port_info 0 /INPUT 4 "bcd_in";
    .port_info 1 /OUTPUT 7 "bcd_out";
v0x133704760_0 .net "bcd_in", 3 0, L_0x133607730;  alias, 1 drivers
v0x1336044b0_0 .var "bcd_out", 0 6;
E_0x133704700 .event anyedge, v0x133704760_0;
S_0x133604540 .scope module, "d" "BCD" 3 18, 4 1 0, S_0x133704080;
 .timescale 0 0;
    .port_info 0 /INPUT 4 "bcd_in";
    .port_info 1 /OUTPUT 7 "bcd_out";
v0x1336047a0_0 .net "bcd_in", 3 0, L_0x133607260;  alias, 1 drivers
v0x133604860_0 .var "bcd_out", 0 6;
E_0x133604740 .event anyedge, v0x1336047a0_0;
S_0x133604920 .scope module, "m" "BCD" 3 28, 4 1 0, S_0x133704080;
 .timescale 0 0;
    .port_info 0 /INPUT 4 "bcd_in";
    .port_info 1 /OUTPUT 7 "bcd_out";
v0x133604b90_0 .net "bcd_in", 3 0, L_0x133607b20;  alias, 1 drivers
v0x133604c50_0 .var "bcd_out", 0 6;
E_0x133604b40 .event anyedge, v0x133604b90_0;
S_0x133604d30 .scope module, "u" "BCD" 3 13, 4 1 0, S_0x133704080;
 .timescale 0 0;
    .port_info 0 /INPUT 4 "bcd_in";
    .port_info 1 /OUTPUT 7 "bcd_out";
v0x133604f90_0 .net "bcd_in", 3 0, L_0x133606d70;  alias, 1 drivers
v0x133605050_0 .var "bcd_out", 0 6;
E_0x133604f30 .event anyedge, v0x133604f90_0;
    .scope S_0x133604d30;
T_0 ;
    %wait E_0x133604f30;
    %load/vec4 v0x133604f90_0;
    %dup/vec4;
    %pushi/vec4 0, 0, 4;
    %cmp/u;
    %jmp/1 T_0.0, 6;
    %dup/vec4;
    %pushi/vec4 1, 0, 4;
    %cmp/u;
    %jmp/1 T_0.1, 6;
    %dup/vec4;
    %pushi/vec4 2, 0, 4;
    %cmp/u;
    %jmp/1 T_0.2, 6;
    %dup/vec4;
    %pushi/vec4 3, 0, 4;
    %cmp/u;
    %jmp/1 T_0.3, 6;
    %dup/vec4;
    %pushi/vec4 4, 0, 4;
    %cmp/u;
    %jmp/1 T_0.4, 6;
    %dup/vec4;
    %pushi/vec4 5, 0, 4;
    %cmp/u;
    %jmp/1 T_0.5, 6;
    %dup/vec4;
    %pushi/vec4 6, 0, 4;
    %cmp/u;
    %jmp/1 T_0.6, 6;
    %dup/vec4;
    %pushi/vec4 7, 0, 4;
    %cmp/u;
    %jmp/1 T_0.7, 6;
    %dup/vec4;
    %pushi/vec4 8, 0, 4;
    %cmp/u;
    %jmp/1 T_0.8, 6;
    %dup/vec4;
    %pushi/vec4 9, 0, 4;
    %cmp/u;
    %jmp/1 T_0.9, 6;
    %pushi/vec4 0, 0, 7;
    %store/vec4 v0x133605050_0, 0, 7;
    %jmp T_0.11;
T_0.0 ;
    %pushi/vec4 126, 0, 7;
    %store/vec4 v0x133605050_0, 0, 7;
    %jmp T_0.11;
T_0.1 ;
    %pushi/vec4 48, 0, 7;
    %store/vec4 v0x133605050_0, 0, 7;
    %jmp T_0.11;
T_0.2 ;
    %pushi/vec4 109, 0, 7;
    %store/vec4 v0x133605050_0, 0, 7;
    %jmp T_0.11;
T_0.3 ;
    %pushi/vec4 121, 0, 7;
    %store/vec4 v0x133605050_0, 0, 7;
    %jmp T_0.11;
T_0.4 ;
    %pushi/vec4 51, 0, 7;
    %store/vec4 v0x133605050_0, 0, 7;
    %jmp T_0.11;
T_0.5 ;
    %pushi/vec4 91, 0, 7;
    %store/vec4 v0x133605050_0, 0, 7;
    %jmp T_0.11;
T_0.6 ;
    %pushi/vec4 95, 0, 7;
    %store/vec4 v0x133605050_0, 0, 7;
    %jmp T_0.11;
T_0.7 ;
    %pushi/vec4 112, 0, 7;
    %store/vec4 v0x133605050_0, 0, 7;
    %jmp T_0.11;
T_0.8 ;
    %pushi/vec4 127, 0, 7;
    %store/vec4 v0x133605050_0, 0, 7;
    %jmp T_0.11;
T_0.9 ;
    %pushi/vec4 123, 0, 7;
    %store/vec4 v0x133605050_0, 0, 7;
    %jmp T_0.11;
T_0.11 ;
    %pop/vec4 1;
    %jmp T_0;
    .thread T_0, $push;
    .scope S_0x133604540;
T_1 ;
    %wait E_0x133604740;
    %load/vec4 v0x1336047a0_0;
    %dup/vec4;
    %pushi/vec4 0, 0, 4;
    %cmp/u;
    %jmp/1 T_1.0, 6;
    %dup/vec4;
    %pushi/vec4 1, 0, 4;
    %cmp/u;
    %jmp/1 T_1.1, 6;
    %dup/vec4;
    %pushi/vec4 2, 0, 4;
    %cmp/u;
    %jmp/1 T_1.2, 6;
    %dup/vec4;
    %pushi/vec4 3, 0, 4;
    %cmp/u;
    %jmp/1 T_1.3, 6;
    %dup/vec4;
    %pushi/vec4 4, 0, 4;
    %cmp/u;
    %jmp/1 T_1.4, 6;
    %dup/vec4;
    %pushi/vec4 5, 0, 4;
    %cmp/u;
    %jmp/1 T_1.5, 6;
    %dup/vec4;
    %pushi/vec4 6, 0, 4;
    %cmp/u;
    %jmp/1 T_1.6, 6;
    %dup/vec4;
    %pushi/vec4 7, 0, 4;
    %cmp/u;
    %jmp/1 T_1.7, 6;
    %dup/vec4;
    %pushi/vec4 8, 0, 4;
    %cmp/u;
    %jmp/1 T_1.8, 6;
    %dup/vec4;
    %pushi/vec4 9, 0, 4;
    %cmp/u;
    %jmp/1 T_1.9, 6;
    %pushi/vec4 0, 0, 7;
    %store/vec4 v0x133604860_0, 0, 7;
    %jmp T_1.11;
T_1.0 ;
    %pushi/vec4 126, 0, 7;
    %store/vec4 v0x133604860_0, 0, 7;
    %jmp T_1.11;
T_1.1 ;
    %pushi/vec4 48, 0, 7;
    %store/vec4 v0x133604860_0, 0, 7;
    %jmp T_1.11;
T_1.2 ;
    %pushi/vec4 109, 0, 7;
    %store/vec4 v0x133604860_0, 0, 7;
    %jmp T_1.11;
T_1.3 ;
    %pushi/vec4 121, 0, 7;
    %store/vec4 v0x133604860_0, 0, 7;
    %jmp T_1.11;
T_1.4 ;
    %pushi/vec4 51, 0, 7;
    %store/vec4 v0x133604860_0, 0, 7;
    %jmp T_1.11;
T_1.5 ;
    %pushi/vec4 91, 0, 7;
    %store/vec4 v0x133604860_0, 0, 7;
    %jmp T_1.11;
T_1.6 ;
    %pushi/vec4 95, 0, 7;
    %store/vec4 v0x133604860_0, 0, 7;
    %jmp T_1.11;
T_1.7 ;
    %pushi/vec4 112, 0, 7;
    %store/vec4 v0x133604860_0, 0, 7;
    %jmp T_1.11;
T_1.8 ;
    %pushi/vec4 127, 0, 7;
    %store/vec4 v0x133604860_0, 0, 7;
    %jmp T_1.11;
T_1.9 ;
    %pushi/vec4 123, 0, 7;
    %store/vec4 v0x133604860_0, 0, 7;
    %jmp T_1.11;
T_1.11 ;
    %pop/vec4 1;
    %jmp T_1;
    .thread T_1, $push;
    .scope S_0x1337044e0;
T_2 ;
    %wait E_0x133704700;
    %load/vec4 v0x133704760_0;
    %dup/vec4;
    %pushi/vec4 0, 0, 4;
    %cmp/u;
    %jmp/1 T_2.0, 6;
    %dup/vec4;
    %pushi/vec4 1, 0, 4;
    %cmp/u;
    %jmp/1 T_2.1, 6;
    %dup/vec4;
    %pushi/vec4 2, 0, 4;
    %cmp/u;
    %jmp/1 T_2.2, 6;
    %dup/vec4;
    %pushi/vec4 3, 0, 4;
    %cmp/u;
    %jmp/1 T_2.3, 6;
    %dup/vec4;
    %pushi/vec4 4, 0, 4;
    %cmp/u;
    %jmp/1 T_2.4, 6;
    %dup/vec4;
    %pushi/vec4 5, 0, 4;
    %cmp/u;
    %jmp/1 T_2.5, 6;
    %dup/vec4;
    %pushi/vec4 6, 0, 4;
    %cmp/u;
    %jmp/1 T_2.6, 6;
    %dup/vec4;
    %pushi/vec4 7, 0, 4;
    %cmp/u;
    %jmp/1 T_2.7, 6;
    %dup/vec4;
    %pushi/vec4 8, 0, 4;
    %cmp/u;
    %jmp/1 T_2.8, 6;
    %dup/vec4;
    %pushi/vec4 9, 0, 4;
    %cmp/u;
    %jmp/1 T_2.9, 6;
    %pushi/vec4 0, 0, 7;
    %store/vec4 v0x1336044b0_0, 0, 7;
    %jmp T_2.11;
T_2.0 ;
    %pushi/vec4 126, 0, 7;
    %store/vec4 v0x1336044b0_0, 0, 7;
    %jmp T_2.11;
T_2.1 ;
    %pushi/vec4 48, 0, 7;
    %store/vec4 v0x1336044b0_0, 0, 7;
    %jmp T_2.11;
T_2.2 ;
    %pushi/vec4 109, 0, 7;
    %store/vec4 v0x1336044b0_0, 0, 7;
    %jmp T_2.11;
T_2.3 ;
    %pushi/vec4 121, 0, 7;
    %store/vec4 v0x1336044b0_0, 0, 7;
    %jmp T_2.11;
T_2.4 ;
    %pushi/vec4 51, 0, 7;
    %store/vec4 v0x1336044b0_0, 0, 7;
    %jmp T_2.11;
T_2.5 ;
    %pushi/vec4 91, 0, 7;
    %store/vec4 v0x1336044b0_0, 0, 7;
    %jmp T_2.11;
T_2.6 ;
    %pushi/vec4 95, 0, 7;
    %store/vec4 v0x1336044b0_0, 0, 7;
    %jmp T_2.11;
T_2.7 ;
    %pushi/vec4 112, 0, 7;
    %store/vec4 v0x1336044b0_0, 0, 7;
    %jmp T_2.11;
T_2.8 ;
    %pushi/vec4 127, 0, 7;
    %store/vec4 v0x1336044b0_0, 0, 7;
    %jmp T_2.11;
T_2.9 ;
    %pushi/vec4 123, 0, 7;
    %store/vec4 v0x1336044b0_0, 0, 7;
    %jmp T_2.11;
T_2.11 ;
    %pop/vec4 1;
    %jmp T_2;
    .thread T_2, $push;
    .scope S_0x133604920;
T_3 ;
    %wait E_0x133604b40;
    %load/vec4 v0x133604b90_0;
    %dup/vec4;
    %pushi/vec4 0, 0, 4;
    %cmp/u;
    %jmp/1 T_3.0, 6;
    %dup/vec4;
    %pushi/vec4 1, 0, 4;
    %cmp/u;
    %jmp/1 T_3.1, 6;
    %dup/vec4;
    %pushi/vec4 2, 0, 4;
    %cmp/u;
    %jmp/1 T_3.2, 6;
    %dup/vec4;
    %pushi/vec4 3, 0, 4;
    %cmp/u;
    %jmp/1 T_3.3, 6;
    %dup/vec4;
    %pushi/vec4 4, 0, 4;
    %cmp/u;
    %jmp/1 T_3.4, 6;
    %dup/vec4;
    %pushi/vec4 5, 0, 4;
    %cmp/u;
    %jmp/1 T_3.5, 6;
    %dup/vec4;
    %pushi/vec4 6, 0, 4;
    %cmp/u;
    %jmp/1 T_3.6, 6;
    %dup/vec4;
    %pushi/vec4 7, 0, 4;
    %cmp/u;
    %jmp/1 T_3.7, 6;
    %dup/vec4;
    %pushi/vec4 8, 0, 4;
    %cmp/u;
    %jmp/1 T_3.8, 6;
    %dup/vec4;
    %pushi/vec4 9, 0, 4;
    %cmp/u;
    %jmp/1 T_3.9, 6;
    %pushi/vec4 0, 0, 7;
    %store/vec4 v0x133604c50_0, 0, 7;
    %jmp T_3.11;
T_3.0 ;
    %pushi/vec4 126, 0, 7;
    %store/vec4 v0x133604c50_0, 0, 7;
    %jmp T_3.11;
T_3.1 ;
    %pushi/vec4 48, 0, 7;
    %store/vec4 v0x133604c50_0, 0, 7;
    %jmp T_3.11;
T_3.2 ;
    %pushi/vec4 109, 0, 7;
    %store/vec4 v0x133604c50_0, 0, 7;
    %jmp T_3.11;
T_3.3 ;
    %pushi/vec4 121, 0, 7;
    %store/vec4 v0x133604c50_0, 0, 7;
    %jmp T_3.11;
T_3.4 ;
    %pushi/vec4 51, 0, 7;
    %store/vec4 v0x133604c50_0, 0, 7;
    %jmp T_3.11;
T_3.5 ;
    %pushi/vec4 91, 0, 7;
    %store/vec4 v0x133604c50_0, 0, 7;
    %jmp T_3.11;
T_3.6 ;
    %pushi/vec4 95, 0, 7;
    %store/vec4 v0x133604c50_0, 0, 7;
    %jmp T_3.11;
T_3.7 ;
    %pushi/vec4 112, 0, 7;
    %store/vec4 v0x133604c50_0, 0, 7;
    %jmp T_3.11;
T_3.8 ;
    %pushi/vec4 127, 0, 7;
    %store/vec4 v0x133604c50_0, 0, 7;
    %jmp T_3.11;
T_3.9 ;
    %pushi/vec4 123, 0, 7;
    %store/vec4 v0x133604c50_0, 0, 7;
    %jmp T_3.11;
T_3.11 ;
    %pop/vec4 1;
    %jmp T_3;
    .thread T_3, $push;
    .scope S_0x133604170;
T_4 ;
    %pushi/vec4 1024, 0, 32;
T_4.0 %dup/vec4;
    %cmpi/s 0, 0, 32;
    %jmp/1xz T_4.1, 5;
    %jmp/1 T_4.1, 4;
    %subi 1, 0, 32;
    %vpi_func 2 17 "$random" 32 {0 0 0};
    %pushi/vec4 1023, 0, 32;
    %mod/s;
    %pad/s 10;
    %store/vec4 v0x133606a10_0, 0, 10;
    %delay 10, 0;
    %jmp T_4.0;
T_4.1 ;
    %pop/vec4 1;
    %vpi_call 2 20 "$stop" {0 0 0};
    %vpi_call 2 21 "$finish" {0 0 0};
    %end;
    .thread T_4;
    .scope S_0x133604170;
T_5 ;
    %vpi_call 2 26 "$monitor", "bcd_in=%b, D_u=%b, D_d=%b, D_c=%b, D_m=%b", v0x133606a10_0, v0x133606940_0, v0x133606790_0, v0x1336066a0_0, v0x133606870_0 {0 0 0};
    %end;
    .thread T_5;
    .scope S_0x133604170;
T_6 ;
    %vpi_call 2 31 "$dumpfile", "BCD4Displays.vcd" {0 0 0};
    %vpi_call 2 32 "$dumpvars", 32'sb00000000000000000000000000000000, S_0x133604170 {0 0 0};
    %end;
    .thread T_6;
# The file index is used to find the file name in the following table.
:file_names 5;
    "N/A";
    "<interactive>";
    "BCD_4displays_tb.v";
    "BCD_4displays.v";
    "BCD.v";
